<?xml version="1.0" encoding="UTF-8"?>
<testng-results ignored="0" total="1" passed="1" failed="0" skipped="0">
  <reporter-output>
  </reporter-output>
  <suite started-at="2023-07-24T14:24:49 IST" name="MarketPlace" finished-at="2023-07-24T14:24:58 IST" duration-ms="9377">
    <groups>
    </groups>
    <test started-at="2023-07-24T14:24:49 IST" name="market" finished-at="2023-07-24T14:24:58 IST" duration-ms="9377">
      <class name="market.MyRunner">
        <test-method is-config="true" signature="startTest()[pri:0, instance:market.MyRunner@3a6bb9bf]" started-at="2023-07-24T14:24:49 IST" name="startTest" finished-at="2023-07-24T14:24:49 IST" duration-ms="196" status="PASS">
          <reporter-output>
          </reporter-output>
        </test-method> <!-- startTest -->
        <test-method signature="login()[pri:0, instance:market.MyRunner@3a6bb9bf]" started-at="2023-07-24T14:24:49 IST" name="login" finished-at="2023-07-24T14:24:58 IST" duration-ms="8684" status="PASS">
          <reporter-output>
          </reporter-output>
        </test-method> <!-- login -->
        <test-method is-config="true" signature="endTest()[pri:0, instance:market.MyRunner@3a6bb9bf]" started-at="2023-07-24T14:24:58 IST" name="endTest" finished-at="2023-07-24T14:24:58 IST" duration-ms="450" status="PASS">
          <reporter-output>
          </reporter-output>
        </test-method> <!-- endTest -->
      </class> <!-- market.MyRunner -->
    </test> <!-- market -->
  </suite> <!-- MarketPlace -->
</testng-results>
