<?xml version="1.0" encoding="UTF-8"?>
<testng-results ignored="0" total="1" passed="1" failed="0" skipped="0">
  <reporter-output>
  </reporter-output>
  <suite started-at="2023-07-24T14:24:04 IST" name="Default suite" finished-at="2023-07-24T14:24:14 IST" duration-ms="9525">
    <groups>
    </groups>
    <test started-at="2023-07-24T14:24:04 IST" name="Default test" finished-at="2023-07-24T14:24:14 IST" duration-ms="9525">
      <class name="market.MyRunner">
        <test-method is-config="true" signature="startTest()[pri:0, instance:market.MyRunner@52af26ee]" started-at="2023-07-24T14:24:04 IST" name="startTest" finished-at="2023-07-24T14:24:05 IST" duration-ms="343" status="PASS">
          <reporter-output>
          </reporter-output>
        </test-method> <!-- startTest -->
        <test-method signature="login()[pri:0, instance:market.MyRunner@52af26ee]" started-at="2023-07-24T14:24:05 IST" name="login" finished-at="2023-07-24T14:24:13 IST" duration-ms="8615" status="PASS">
          <reporter-output>
          </reporter-output>
        </test-method> <!-- login -->
        <test-method is-config="true" signature="endTest()[pri:0, instance:market.MyRunner@52af26ee]" started-at="2023-07-24T14:24:13 IST" name="endTest" finished-at="2023-07-24T14:24:14 IST" duration-ms="505" status="PASS">
          <reporter-output>
          </reporter-output>
        </test-method> <!-- endTest -->
      </class> <!-- market.MyRunner -->
    </test> <!-- Default test -->
  </suite> <!-- Default suite -->
</testng-results>
